<?xml version="1.0" encoding="UTF-8"?>
<!-- Generated by org.testng.reporters.JUnitXMLReporter -->
<testsuite ignored="0" hostname="DESKTOP-4EVDH34" failures="0" tests="3" name="Test" time="0.141" errors="0" timestamp="2022-10-06T16:49:25 IST">
  <testcase classname="sampletestcases.LoginTests" name="verifyloginwithInValidCredentials" time="0.015"/>
  <testcase classname="sampletestcases.LoginTests" name="verifyloginwithNoValidCredentials" time="0.0"/>
  <testcase classname="sampletestcases.LoginTests" name="verifyloginwithValidCredentials" time="0.0"/>
</testsuite> <!-- Test -->
