<?xml version="1.0" encoding="UTF-8"?>
<testng-results ignored="0" total="3" passed="3" failed="0" skipped="0">
  <reporter-output>
  </reporter-output>
  <suite started-at="2022-10-03T19:43:08 IST" name="Suite" finished-at="2022-10-03T19:43:08 IST" duration-ms="62">
    <groups>
    </groups>
    <test started-at="2022-10-03T19:43:08 IST" name="Test" finished-at="2022-10-03T19:43:08 IST" duration-ms="62">
      <class name="sampletestcases.LoginTests">
        <test-method signature="verifyloginwithInValidCredentials()[pri:0, instance:sampletestcases.LoginTests@ba54932]" started-at="2022-10-03T19:43:08 IST" name="verifyloginwithInValidCredentials" finished-at="2022-10-03T19:43:08 IST" duration-ms="15" status="PASS">
          <reporter-output>
          </reporter-output>
        </test-method> <!-- verifyloginwithInValidCredentials -->
        <test-method signature="verifyloginwithValidCredentials()[pri:0, instance:sampletestcases.LoginTests@ba54932]" started-at="2022-10-03T19:43:08 IST" name="verifyloginwithValidCredentials" finished-at="2022-10-03T19:43:08 IST" duration-ms="0" status="PASS">
          <reporter-output>
          </reporter-output>
        </test-method> <!-- verifyloginwithValidCredentials -->
        <test-method signature="verifyloginwithNoValidCredentials()[pri:0, instance:sampletestcases.LoginTests@ba54932]" started-at="2022-10-03T19:43:08 IST" name="verifyloginwithNoValidCredentials" finished-at="2022-10-03T19:43:08 IST" duration-ms="0" status="PASS">
          <reporter-output>
          </reporter-output>
        </test-method> <!-- verifyloginwithNoValidCredentials -->
      </class> <!-- sampletestcases.LoginTests -->
    </test> <!-- Test -->
  </suite> <!-- Suite -->
</testng-results>
